Build started 11/2/2020 12:40:16 AM.
     1>Project "D:\Patterns\Decorator\Decorator\Decorator.vcxproj" on node 2 (build target(s)).
     1>InitializeBuildStatus:
         Creating "Debug\Decorator.unsuccessfulbuild" because "AlwaysCreate" was specified.
       ClCompile:
         All outputs are up-to-date.
         C:\Program Files (x86)\Microsoft Visual Studio 10.0\VC\bin\CL.exe /c /ZI /nologo /W3 /WX- /Od /Oy- /D WIN32 /D _DEBUG /D _CONSOLE /D _UNICODE /D UNICODE /Gm /EHsc /RTC1 /MDd /GS /fp:precise /Zc:wchar_t /Zc:forScope /Yu"StdAfx.h" /Fp"Debug\Decorator.pch" /Fo"Debug\\" /Fd"Debug\vc100.pdb" /Gd /TP /analyze- /errorReport:prompt DarkRost.cpp Main.cpp Mocha.cpp
         Mocha.cpp
     1>d:\patterns\decorator\decorator\mocha.cpp(17): warning C4244: 'return' : conversion from 'double' to 'float', possible loss of data
         Main.cpp
         DarkRost.cpp
         Generating Code...
       ManifestResourceCompile:
         All outputs are up-to-date.
       Link:
         C:\Program Files (x86)\Microsoft Visual Studio 10.0\VC\bin\link.exe /ERRORREPORT:PROMPT /OUT:"D:\Patterns\Decorator\Debug\Decorator.exe" /INCREMENTAL /NOLOGO kernel32.lib user32.lib gdi32.lib winspool.lib comdlg32.lib advapi32.lib shell32.lib ole32.lib oleaut32.lib uuid.lib odbc32.lib odbccp32.lib /MANIFEST /ManifestFile:"Debug\Decorator.exe.intermediate.manifest" /MANIFESTUAC:"level='asInvoker' uiAccess='false'" /DEBUG /PDB:"D:\Patterns\Decorator\Debug\Decorator.pdb" /SUBSYSTEM:CONSOLE /TLBID:1 /DYNAMICBASE /NXCOMPAT /IMPLIB:"D:\Patterns\Decorator\Debug\Decorator.lib" /MACHINE:X86 Debug\Decorator.exe.embed.manifest.res
         Debug\CondimentDecorator.obj
         Debug\DarkRost.obj
         Debug\Main.obj
         Debug\Mocha.obj
         Debug\Soya.obj
         Debug\stdafx.obj
         Debug\Whip.obj
       Manifest:
         C:\Program Files (x86)\Microsoft SDKs\Windows\v7.0A\bin\mt.exe /nologo /verbose /out:"Debug\Decorator.exe.embed.manifest" /manifest Debug\Decorator.exe.intermediate.manifest
         All outputs are up-to-date.
       LinkEmbedManifest:
         All outputs are up-to-date.
         Decorator.vcxproj -> D:\Patterns\Decorator\Debug\Decorator.exe
       FinalizeBuildStatus:
         Deleting file "Debug\Decorator.unsuccessfulbuild".
         Touching "Debug\Decorator.lastbuildstate".
     1>Done Building Project "D:\Patterns\Decorator\Decorator\Decorator.vcxproj" (build target(s)).

Build succeeded.

Time Elapsed 00:00:01.73
