Build started 10/24/2020 9:56:21 PM.
     1>Project "D:\Patterns\ObserverPattern\ObserverPattern\ObserverPattern.vcxproj" on node 2 (build target(s)).
     1>InitializeBuildStatus:
         Creating "Debug\ObserverPattern.unsuccessfulbuild" because "AlwaysCreate" was specified.
       ClCompile:
         All outputs are up-to-date.
         C:\Program Files (x86)\Microsoft Visual Studio 10.0\VC\bin\CL.exe /c /ZI /nologo /W3 /WX- /Od /Oy- /D WIN32 /D _DEBUG /D _CONSOLE /D _UNICODE /D UNICODE /Gm /EHsc /RTC1 /MDd /GS /fp:precise /Zc:wchar_t /Zc:forScope /Yu"StdAfx.h" /Fp"Debug\ObserverPattern.pch" /Fo"Debug\\" /Fd"Debug\vc100.pdb" /Gd /TP /analyze- /errorReport:prompt ObserverPattern.cpp
         ObserverPattern.cpp
       ManifestResourceCompile:
         All outputs are up-to-date.
       Link:
         C:\Program Files (x86)\Microsoft Visual Studio 10.0\VC\bin\link.exe /ERRORREPORT:PROMPT /OUT:"D:\Patterns\ObserverPattern\Debug\ObserverPattern.exe" /INCREMENTAL /NOLOGO kernel32.lib user32.lib gdi32.lib winspool.lib comdlg32.lib advapi32.lib shell32.lib ole32.lib oleaut32.lib uuid.lib odbc32.lib odbccp32.lib /MANIFEST /ManifestFile:"Debug\ObserverPattern.exe.intermediate.manifest" /MANIFESTUAC:"level='asInvoker' uiAccess='false'" /DEBUG /PDB:"D:\Patterns\ObserverPattern\Debug\ObserverPattern.pdb" /SUBSYSTEM:CONSOLE /TLBID:1 /DYNAMICBASE /NXCOMPAT /IMPLIB:"D:\Patterns\ObserverPattern\Debug\ObserverPattern.lib" /MACHINE:X86 Debug\ObserverPattern.exe.embed.manifest.res
         Debug\Observer.obj
         Debug\ObserverPattern.obj
         Debug\Product.obj
         Debug\Shop.obj
         Debug\stdafx.obj
         Debug\Subject.obj
       Manifest:
         C:\Program Files (x86)\Microsoft SDKs\Windows\v7.0A\bin\mt.exe /nologo /verbose /out:"Debug\ObserverPattern.exe.embed.manifest" /manifest Debug\ObserverPattern.exe.intermediate.manifest
         All outputs are up-to-date.
       LinkEmbedManifest:
         All outputs are up-to-date.
         ObserverPattern.vcxproj -> D:\Patterns\ObserverPattern\Debug\ObserverPattern.exe
       FinalizeBuildStatus:
         Deleting file "Debug\ObserverPattern.unsuccessfulbuild".
         Touching "Debug\ObserverPattern.lastbuildstate".
     1>Done Building Project "D:\Patterns\ObserverPattern\ObserverPattern\ObserverPattern.vcxproj" (build target(s)).

Build succeeded.

Time Elapsed 00:00:01.79
