Build started 10/24/2020 9:55:53 PM.
     1>Project "D:\Patterns\ObserverPatterenPractice\ObserverPatterenPractice\ObserverPatterenPractice.vcxproj" on node 2 (build target(s)).
     1>InitializeBuildStatus:
         Creating "Debug\ObserverPatterenPractice.unsuccessfulbuild" because "AlwaysCreate" was specified.
       ClCompile:
         All outputs are up-to-date.
         C:\Program Files (x86)\Microsoft Visual Studio 10.0\VC\bin\CL.exe /c /ZI /nologo /W3 /WX- /Od /Oy- /D WIN32 /D _DEBUG /D _CONSOLE /D _UNICODE /D UNICODE /Gm /EHsc /RTC1 /MDd /GS /fp:precise /Zc:wchar_t /Zc:forScope /Yu"StdAfx.h" /Fp"Debug\ObserverPatterenPractice.pch" /Fo"Debug\\" /Fd"Debug\vc100.pdb" /Gd /TP /analyze- /errorReport:prompt Subject.cpp
         Subject.cpp
       ManifestResourceCompile:
         All outputs are up-to-date.
       Link:
         C:\Program Files (x86)\Microsoft Visual Studio 10.0\VC\bin\link.exe /ERRORREPORT:PROMPT /OUT:"D:\Patterns\ObserverPatterenPractice\Debug\ObserverPatterenPractice.exe" /INCREMENTAL /NOLOGO kernel32.lib user32.lib gdi32.lib winspool.lib comdlg32.lib advapi32.lib shell32.lib ole32.lib oleaut32.lib uuid.lib odbc32.lib odbccp32.lib /MANIFEST /ManifestFile:"Debug\ObserverPatterenPractice.exe.intermediate.manifest" /MANIFESTUAC:"level='asInvoker' uiAccess='false'" /DEBUG /PDB:"D:\Patterns\ObserverPatterenPractice\Debug\ObserverPatterenPractice.pdb" /SUBSYSTEM:CONSOLE /TLBID:1 /DYNAMICBASE /NXCOMPAT /IMPLIB:"D:\Patterns\ObserverPatterenPractice\Debug\ObserverPatterenPractice.lib" /MACHINE:X86 Debug\ObserverPatterenPractice.exe.embed.manifest.res
         Debug\Display.obj
         Debug\Observer.obj
         Debug\ObserverPatterenPractice.obj
         Debug\stdafx.obj
         Debug\Subject.obj
         Debug\Weather.obj
       Manifest:
         C:\Program Files (x86)\Microsoft SDKs\Windows\v7.0A\bin\mt.exe /nologo /verbose /out:"Debug\ObserverPatterenPractice.exe.embed.manifest" /manifest Debug\ObserverPatterenPractice.exe.intermediate.manifest
         All outputs are up-to-date.
       LinkEmbedManifest:
         All outputs are up-to-date.
         ObserverPatterenPractice.vcxproj -> D:\Patterns\ObserverPatterenPractice\Debug\ObserverPatterenPractice.exe
       FinalizeBuildStatus:
         Deleting file "Debug\ObserverPatterenPractice.unsuccessfulbuild".
         Touching "Debug\ObserverPatterenPractice.lastbuildstate".
     1>Done Building Project "D:\Patterns\ObserverPatterenPractice\ObserverPatterenPractice\ObserverPatterenPractice.vcxproj" (build target(s)).

Build succeeded.

Time Elapsed 00:00:01.93
