D:\PATTERNS\OBSERVERPATTERENPRACTICE\DEBUG\OBSERVERPATTERENPRACTICE.EXE
D:\PATTERNS\OBSERVERPATTERENPRACTICE\DEBUG\OBSERVERPATTERENPRACTICE.ILK
D:\PATTERNS\OBSERVERPATTERENPRACTICE\DEBUG\OBSERVERPATTERENPRACTICE.PDB
D:\Patterns\ObserverPatterenPractice\ObserverPatterenPractice\Debug\cl.command.1.tlog
D:\Patterns\ObserverPatterenPractice\ObserverPatterenPractice\Debug\CL.read.1.tlog
D:\Patterns\ObserverPatterenPractice\ObserverPatterenPractice\Debug\CL.write.1.tlog
D:\PATTERNS\OBSERVERPATTERENPRACTICE\OBSERVERPATTERENPRACTICE\DEBUG\DISPLAY.OBJ
D:\Patterns\ObserverPatterenPractice\ObserverPatterenPractice\Debug\link.1320.read.1.tlog
D:\Patterns\ObserverPatterenPractice\ObserverPatterenPractice\Debug\link.1320.write.1.tlog
D:\Patterns\ObserverPatterenPractice\ObserverPatterenPractice\Debug\link.1320-cvtres.read.1.tlog
D:\Patterns\ObserverPatterenPractice\ObserverPatterenPractice\Debug\link.1320-cvtres.write.1.tlog
D:\Patterns\ObserverPatterenPractice\ObserverPatterenPractice\Debug\link.512.read.1.tlog
D:\Patterns\ObserverPatterenPractice\ObserverPatterenPractice\Debug\link.512.write.1.tlog
D:\Patterns\ObserverPatterenPractice\ObserverPatterenPractice\Debug\link.512-cvtres.read.1.tlog
D:\Patterns\ObserverPatterenPractice\ObserverPatterenPractice\Debug\link.512-cvtres.write.1.tlog
D:\Patterns\ObserverPatterenPractice\ObserverPatterenPractice\Debug\link.command.1.tlog
D:\Patterns\ObserverPatterenPractice\ObserverPatterenPractice\Debug\link.read.1.tlog
D:\Patterns\ObserverPatterenPractice\ObserverPatterenPractice\Debug\link.write.1.tlog
D:\Patterns\ObserverPatterenPractice\ObserverPatterenPractice\Debug\link-cvtres.read.1.tlog
D:\Patterns\ObserverPatterenPractice\ObserverPatterenPractice\Debug\link-cvtres.write.1.tlog
D:\Patterns\ObserverPatterenPractice\ObserverPatterenPractice\Debug\mt.command.1.tlog
D:\Patterns\ObserverPatterenPractice\ObserverPatterenPractice\Debug\mt.read.1.tlog
D:\Patterns\ObserverPatterenPractice\ObserverPatterenPractice\Debug\mt.write.1.tlog
D:\PATTERNS\OBSERVERPATTERENPRACTICE\OBSERVERPATTERENPRACTICE\DEBUG\OBSERVERPATTERENPRACTICE.EXE.EMBED.MANIFEST
D:\PATTERNS\OBSERVERPATTERENPRACTICE\OBSERVERPATTERENPRACTICE\DEBUG\OBSERVERPATTERENPRACTICE.EXE.EMBED.MANIFEST.RES
D:\PATTERNS\OBSERVERPATTERENPRACTICE\OBSERVERPATTERENPRACTICE\DEBUG\OBSERVERPATTERENPRACTICE.EXE.INTERMEDIATE.MANIFEST
D:\PATTERNS\OBSERVERPATTERENPRACTICE\OBSERVERPATTERENPRACTICE\DEBUG\OBSERVERPATTERENPRACTICE.OBJ
D:\PATTERNS\OBSERVERPATTERENPRACTICE\OBSERVERPATTERENPRACTICE\DEBUG\OBSERVERPATTERENPRACTICE.PCH
D:\Patterns\ObserverPatterenPractice\ObserverPatterenPractice\Debug\ObserverPatterenPractice.vcxprojResolveAssemblyReference.cache
D:\Patterns\ObserverPatterenPractice\ObserverPatterenPractice\Debug\ObserverPatterenPractice.write.1.tlog
D:\Patterns\ObserverPatterenPractice\ObserverPatterenPractice\Debug\ObserverPatterenPractice_manifest.rc
D:\Patterns\ObserverPatterenPractice\ObserverPatterenPractice\Debug\rc.command.1.tlog
D:\Patterns\ObserverPatterenPractice\ObserverPatterenPractice\Debug\rc.read.1.tlog
D:\Patterns\ObserverPatterenPractice\ObserverPatterenPractice\Debug\rc.write.1.tlog
D:\PATTERNS\OBSERVERPATTERENPRACTICE\OBSERVERPATTERENPRACTICE\DEBUG\STDAFX.OBJ
D:\Patterns\ObserverPatterenPractice\ObserverPatterenPractice\Debug\vc100.idb
D:\PATTERNS\OBSERVERPATTERENPRACTICE\OBSERVERPATTERENPRACTICE\DEBUG\VC100.PDB
D:\PATTERNS\OBSERVERPATTERENPRACTICE\OBSERVERPATTERENPRACTICE\DEBUG\WEATHER.OBJ
