Build started 11/8/2020 2:36:10 PM.
     1>Project "D:\Patterns\Commad Pattern\Commad Pattern\Commad Pattern.vcxproj" on node 2 (build target(s)).
     1>InitializeBuildStatus:
         Creating "Debug\Commad Pattern.unsuccessfulbuild" because "AlwaysCreate" was specified.
       ClCompile:
         All outputs are up-to-date.
         C:\Program Files (x86)\Microsoft Visual Studio 10.0\VC\bin\CL.exe /c /ZI /nologo /W3 /WX- /Od /Oy- /D WIN32 /D _DEBUG /D _CONSOLE /D _UNICODE /D UNICODE /Gm /EHsc /RTC1 /MDd /GS /fp:precise /Zc:wchar_t /Zc:forScope /Yu"StdAfx.h" /Fp"Debug\Commad Pattern.pch" /Fo"Debug\\" /Fd"Debug\vc100.pdb" /Gd /TP /analyze- /errorReport:prompt "Commad Pattern.cpp"
         Commad Pattern.cpp
       ManifestResourceCompile:
         All outputs are up-to-date.
       Link:
         C:\Program Files (x86)\Microsoft Visual Studio 10.0\VC\bin\link.exe /ERRORREPORT:PROMPT /OUT:"D:\Patterns\Commad Pattern\Debug\Commad Pattern.exe" /INCREMENTAL /NOLOGO kernel32.lib user32.lib gdi32.lib winspool.lib comdlg32.lib advapi32.lib shell32.lib ole32.lib oleaut32.lib uuid.lib odbc32.lib odbccp32.lib /MANIFEST /ManifestFile:"Debug\Commad Pattern.exe.intermediate.manifest" /MANIFESTUAC:"level='asInvoker' uiAccess='false'" /DEBUG /PDB:"D:\Patterns\Commad Pattern\Debug\Commad Pattern.pdb" /SUBSYSTEM:CONSOLE /TLBID:1 /DYNAMICBASE /NXCOMPAT /IMPLIB:"D:\Patterns\Commad Pattern\Debug\Commad Pattern.lib" /MACHINE:X86 "Debug\Commad Pattern.exe.embed.manifest.res"
         "Debug\Commad Pattern.obj"
         Debug\Command.obj
         Debug\Light.obj
         Debug\LightOnCommand.obj
         Debug\SimpleRemort.obj
         Debug\stdafx.obj
       Manifest:
         C:\Program Files (x86)\Microsoft SDKs\Windows\v7.0A\bin\mt.exe /nologo /verbose /out:"Debug\Commad Pattern.exe.embed.manifest" /manifest "Debug\Commad Pattern.exe.intermediate.manifest"
         All outputs are up-to-date.
       LinkEmbedManifest:
         All outputs are up-to-date.
         Commad Pattern.vcxproj -> D:\Patterns\Commad Pattern\Debug\Commad Pattern.exe
       FinalizeBuildStatus:
         Deleting file "Debug\Commad Pattern.unsuccessfulbuild".
         Touching "Debug\Commad Pattern.lastbuildstate".
     1>Done Building Project "D:\Patterns\Commad Pattern\Commad Pattern\Commad Pattern.vcxproj" (build target(s)).

Build succeeded.

Time Elapsed 00:00:01.67
