Build started 11/5/2020 9:37:21 PM.
     1>Project "D:\Patterns\Strategy Pattern\Strategy Pattern\Strategy Pattern.vcxproj" on node 2 (build target(s)).
     1>InitializeBuildStatus:
         Creating "Debug\Strategy Pattern.unsuccessfulbuild" because "AlwaysCreate" was specified.
       ClCompile:
         All outputs are up-to-date.
         C:\Program Files (x86)\Microsoft Visual Studio 10.0\VC\bin\CL.exe /c /ZI /nologo /W3 /WX- /Od /Oy- /D WIN32 /D _DEBUG /D _CONSOLE /D _UNICODE /D UNICODE /Gm /EHsc /RTC1 /MDd /GS /fp:precise /Zc:wchar_t /Zc:forScope /Yu"StdAfx.h" /Fp"Debug\Strategy Pattern.pch" /Fo"Debug\\" /Fd"Debug\vc100.pdb" /Gd /TP /analyze- /errorReport:prompt RightToLeft.cpp StraegyContext.cpp "Strategy Pattern.cpp"
         Strategy Pattern.cpp
         StraegyContext.cpp
         Generating Code...
         Compiling...
         RightToLeft.cpp
         Generating Code...
       ManifestResourceCompile:
         All outputs are up-to-date.
       Link:
         C:\Program Files (x86)\Microsoft Visual Studio 10.0\VC\bin\link.exe /ERRORREPORT:PROMPT /OUT:"D:\Patterns\Strategy Pattern\Debug\Strategy Pattern.exe" /INCREMENTAL /NOLOGO kernel32.lib user32.lib gdi32.lib winspool.lib comdlg32.lib advapi32.lib shell32.lib ole32.lib oleaut32.lib uuid.lib odbc32.lib odbccp32.lib /MANIFEST /ManifestFile:"Debug\Strategy Pattern.exe.intermediate.manifest" /MANIFESTUAC:"level='asInvoker' uiAccess='false'" /DEBUG /PDB:"D:\Patterns\Strategy Pattern\Debug\Strategy Pattern.pdb" /SUBSYSTEM:CONSOLE /TLBID:1 /DYNAMICBASE /NXCOMPAT /IMPLIB:"D:\Patterns\Strategy Pattern\Debug\Strategy Pattern.lib" /MACHINE:X86 "Debug\Strategy Pattern.exe.embed.manifest.res"
         Debug\LeftToRight.obj
         Debug\RightToLeft.obj
         Debug\stdafx.obj
         Debug\StraegyContext.obj
         "Debug\Strategy Pattern.obj"
         Debug\Strategy.obj
       Manifest:
         C:\Program Files (x86)\Microsoft SDKs\Windows\v7.0A\bin\mt.exe /nologo /verbose /out:"Debug\Strategy Pattern.exe.embed.manifest" /manifest "Debug\Strategy Pattern.exe.intermediate.manifest"
         All outputs are up-to-date.
       LinkEmbedManifest:
         All outputs are up-to-date.
         Strategy Pattern.vcxproj -> D:\Patterns\Strategy Pattern\Debug\Strategy Pattern.exe
       FinalizeBuildStatus:
         Deleting file "Debug\Strategy Pattern.unsuccessfulbuild".
         Touching "Debug\Strategy Pattern.lastbuildstate".
     1>Done Building Project "D:\Patterns\Strategy Pattern\Strategy Pattern\Strategy Pattern.vcxproj" (build target(s)).

Build succeeded.

Time Elapsed 00:00:02.83
